{"total": {"lines":{"total":5050,"covered":4362,"skipped":0,"pct":86.37},"statements":{"total":5050,"covered":4362,"skipped":0,"pct":86.37},"functions":{"total":129,"covered":119,"skipped":0,"pct":92.24},"branches":{"total":863,"covered":698,"skipped":0,"pct":80.88},"branchesTrue":{"total":0,"covered":0,"skipped":0,"pct":100}}
,"/run/media/sourav/New Volume/Projects/Generic_CRM/server/src/app.ts": {"lines":{"total":50,"covered":50,"skipped":0,"pct":100},"functions":{"total":0,"covered":0,"skipped":0,"pct":100},"statements":{"total":50,"covered":50,"skipped":0,"pct":100},"branches":{"total":1,"covered":1,"skipped":0,"pct":100}}
,"/run/media/sourav/New Volume/Projects/Generic_CRM/server/src/config/env.ts": {"lines":{"total":25,"covered":25,"skipped":0,"pct":100},"functions":{"total":1,"covered":1,"skipped":0,"pct":100},"statements":{"total":25,"covered":25,"skipped":0,"pct":100},"branches":{"total":3,"covered":3,"skipped":0,"pct":100}}
,"/run/media/sourav/New Volume/Projects/Generic_CRM/server/src/middleware/auth.middleware.ts": {"lines":{"total":76,"covered":76,"skipped":0,"pct":100},"functions":{"total":3,"covered":3,"skipped":0,"pct":100},"statements":{"total":76,"covered":76,"skipped":0,"pct":100},"branches":{"total":25,"covered":25,"skipped":0,"pct":100}}
,"/run/media/sourav/New Volume/Projects/Generic_CRM/server/src/middleware/errorHandler.ts": {"lines":{"total":31,"covered":31,"skipped":0,"pct":100},"functions":{"total":1,"covered":1,"skipped":0,"pct":100},"statements":{"total":31,"covered":31,"skipped":0,"pct":100},"branches":{"total":11,"covered":11,"skipped":0,"pct":100}}
,"/run/media/sourav/New Volume/Projects/Generic_CRM/server/src/modules/accounts/accounts.controller.ts": {"lines":{"total":122,"covered":62,"skipped":0,"pct":50.81},"functions":{"total":6,"covered":4,"skipped":0,"pct":66.66},"statements":{"total":122,"covered":62,"skipped":0,"pct":50.81},"branches":{"total":13,"covered":8,"skipped":0,"pct":61.53}}
,"/run/media/sourav/New Volume/Projects/Generic_CRM/server/src/modules/accounts/accounts.routes.ts": {"lines":{"total":11,"covered":11,"skipped":0,"pct":100},"functions":{"total":0,"covered":0,"skipped":0,"pct":100},"statements":{"total":11,"covered":11,"skipped":0,"pct":100},"branches":{"total":4,"covered":4,"skipped":0,"pct":100}}
,"/run/media/sourav/New Volume/Projects/Generic_CRM/server/src/modules/accounts/accounts.service.ts": {"lines":{"total":283,"covered":209,"skipped":0,"pct":73.85},"functions":{"total":6,"covered":5,"skipped":0,"pct":83.33},"statements":{"total":283,"covered":209,"skipped":0,"pct":73.85},"branches":{"total":23,"covered":15,"skipped":0,"pct":65.21}}
,"/run/media/sourav/New Volume/Projects/Generic_CRM/server/src/modules/accounts/accounts.validation.ts": {"lines":{"total":30,"covered":30,"skipped":0,"pct":100},"functions":{"total":0,"covered":0,"skipped":0,"pct":100},"statements":{"total":30,"covered":30,"skipped":0,"pct":100},"branches":{"total":6,"covered":6,"skipped":0,"pct":100}}
,"/run/media/sourav/New Volume/Projects/Generic_CRM/server/src/modules/auth/auth.controller.ts": {"lines":{"total":98,"covered":98,"skipped":0,"pct":100},"functions":{"total":4,"covered":4,"skipped":0,"pct":100},"statements":{"total":98,"covered":98,"skipped":0,"pct":100},"branches":{"total":19,"covered":19,"skipped":0,"pct":100}}
,"/run/media/sourav/New Volume/Projects/Generic_CRM/server/src/modules/auth/auth.routes.ts": {"lines":{"total":9,"covered":9,"skipped":0,"pct":100},"functions":{"total":0,"covered":0,"skipped":0,"pct":100},"statements":{"total":9,"covered":9,"skipped":0,"pct":100},"branches":{"total":4,"covered":4,"skipped":0,"pct":100}}
,"/run/media/sourav/New Volume/Projects/Generic_CRM/server/src/modules/auth/auth.service.ts": {"lines":{"total":194,"covered":194,"skipped":0,"pct":100},"functions":{"total":10,"covered":10,"skipped":0,"pct":100},"statements":{"total":194,"covered":194,"skipped":0,"pct":100},"branches":{"total":29,"covered":29,"skipped":0,"pct":100}}
,"/run/media/sourav/New Volume/Projects/Generic_CRM/server/src/modules/auth/auth.validation.ts": {"lines":{"total":39,"covered":39,"skipped":0,"pct":100},"functions":{"total":1,"covered":1,"skipped":0,"pct":100},"statements":{"total":39,"covered":39,"skipped":0,"pct":100},"branches":{"total":1,"covered":1,"skipped":0,"pct":100}}
,"/run/media/sourav/New Volume/Projects/Generic_CRM/server/src/modules/contacts/contacts.controller.ts": {"lines":{"total":102,"covered":68,"skipped":0,"pct":66.66},"functions":{"total":5,"covered":5,"skipped":0,"pct":100},"statements":{"total":102,"covered":68,"skipped":0,"pct":66.66},"branches":{"total":17,"covered":9,"skipped":0,"pct":52.94}}
,"/run/media/sourav/New Volume/Projects/Generic_CRM/server/src/modules/contacts/contacts.routes.ts": {"lines":{"total":10,"covered":10,"skipped":0,"pct":100},"functions":{"total":0,"covered":0,"skipped":0,"pct":100},"statements":{"total":10,"covered":10,"skipped":0,"pct":100},"branches":{"total":5,"covered":5,"skipped":0,"pct":100}}
,"/run/media/sourav/New Volume/Projects/Generic_CRM/server/src/modules/contacts/contacts.service.ts": {"lines":{"total":249,"covered":202,"skipped":0,"pct":81.12},"functions":{"total":5,"covered":5,"skipped":0,"pct":100},"statements":{"total":249,"covered":202,"skipped":0,"pct":81.12},"branches":{"total":50,"covered":23,"skipped":0,"pct":46}}
,"/run/media/sourav/New Volume/Projects/Generic_CRM/server/src/modules/contacts/contacts.validation.ts": {"lines":{"total":22,"covered":22,"skipped":0,"pct":100},"functions":{"total":0,"covered":0,"skipped":0,"pct":100},"statements":{"total":22,"covered":22,"skipped":0,"pct":100},"branches":{"total":6,"covered":6,"skipped":0,"pct":100}}
,"/run/media/sourav/New Volume/Projects/Generic_CRM/server/src/modules/dashboard/dashboard.controller.ts": {"lines":{"total":26,"covered":26,"skipped":0,"pct":100},"functions":{"total":1,"covered":1,"skipped":0,"pct":100},"statements":{"total":26,"covered":26,"skipped":0,"pct":100},"branches":{"total":5,"covered":5,"skipped":0,"pct":100}}
,"/run/media/sourav/New Volume/Projects/Generic_CRM/server/src/modules/dashboard/dashboard.routes.ts": {"lines":{"total":7,"covered":7,"skipped":0,"pct":100},"functions":{"total":0,"covered":0,"skipped":0,"pct":100},"statements":{"total":7,"covered":7,"skipped":0,"pct":100},"branches":{"total":1,"covered":1,"skipped":0,"pct":100}}
,"/run/media/sourav/New Volume/Projects/Generic_CRM/server/src/modules/dashboard/dashboard.service.ts": {"lines":{"total":188,"covered":188,"skipped":0,"pct":100},"functions":{"total":1,"covered":1,"skipped":0,"pct":100},"statements":{"total":188,"covered":188,"skipped":0,"pct":100},"branches":{"total":26,"covered":26,"skipped":0,"pct":100}}
,"/run/media/sourav/New Volume/Projects/Generic_CRM/server/src/modules/leads/leads.controller.ts": {"lines":{"total":162,"covered":96,"skipped":0,"pct":59.25},"functions":{"total":8,"covered":7,"skipped":0,"pct":87.5},"statements":{"total":162,"covered":96,"skipped":0,"pct":59.25},"branches":{"total":22,"covered":12,"skipped":0,"pct":54.54}}
,"/run/media/sourav/New Volume/Projects/Generic_CRM/server/src/modules/leads/leads.routes.ts": {"lines":{"total":13,"covered":13,"skipped":0,"pct":100},"functions":{"total":0,"covered":0,"skipped":0,"pct":100},"statements":{"total":13,"covered":13,"skipped":0,"pct":100},"branches":{"total":7,"covered":7,"skipped":0,"pct":100}}
,"/run/media/sourav/New Volume/Projects/Generic_CRM/server/src/modules/leads/leads.service.ts": {"lines":{"total":504,"covered":414,"skipped":0,"pct":82.14},"functions":{"total":8,"covered":7,"skipped":0,"pct":87.5},"statements":{"total":504,"covered":414,"skipped":0,"pct":82.14},"branches":{"total":120,"covered":89,"skipped":0,"pct":74.16}}
,"/run/media/sourav/New Volume/Projects/Generic_CRM/server/src/modules/leads/leads.validation.ts": {"lines":{"total":64,"covered":64,"skipped":0,"pct":100},"functions":{"total":0,"covered":0,"skipped":0,"pct":100},"statements":{"total":64,"covered":64,"skipped":0,"pct":100},"branches":{"total":10,"covered":8,"skipped":0,"pct":80}}
,"/run/media/sourav/New Volume/Projects/Generic_CRM/server/src/modules/opportunities/opportunities.controller.ts": {"lines":{"total":181,"covered":134,"skipped":0,"pct":74.03},"functions":{"total":9,"covered":9,"skipped":0,"pct":100},"statements":{"total":181,"covered":134,"skipped":0,"pct":74.03},"branches":{"total":33,"covered":23,"skipped":0,"pct":69.69}}
,"/run/media/sourav/New Volume/Projects/Generic_CRM/server/src/modules/opportunities/opportunities.routes.ts": {"lines":{"total":32,"covered":32,"skipped":0,"pct":100},"functions":{"total":0,"covered":0,"skipped":0,"pct":100},"statements":{"total":32,"covered":32,"skipped":0,"pct":100},"branches":{"total":9,"covered":9,"skipped":0,"pct":100}}
,"/run/media/sourav/New Volume/Projects/Generic_CRM/server/src/modules/opportunities/opportunities.service.ts": {"lines":{"total":644,"covered":620,"skipped":0,"pct":96.27},"functions":{"total":11,"covered":11,"skipped":0,"pct":100},"statements":{"total":644,"covered":620,"skipped":0,"pct":96.27},"branches":{"total":113,"covered":88,"skipped":0,"pct":77.87}}
,"/run/media/sourav/New Volume/Projects/Generic_CRM/server/src/modules/opportunities/opportunities.validation.ts": {"lines":{"total":84,"covered":84,"skipped":0,"pct":100},"functions":{"total":0,"covered":0,"skipped":0,"pct":100},"statements":{"total":84,"covered":84,"skipped":0,"pct":100},"branches":{"total":16,"covered":13,"skipped":0,"pct":81.25}}
,"/run/media/sourav/New Volume/Projects/Generic_CRM/server/src/modules/organization/organization.controller.ts": {"lines":{"total":48,"covered":48,"skipped":0,"pct":100},"functions":{"total":2,"covered":2,"skipped":0,"pct":100},"statements":{"total":48,"covered":48,"skipped":0,"pct":100},"branches":{"total":10,"covered":10,"skipped":0,"pct":100}}
,"/run/media/sourav/New Volume/Projects/Generic_CRM/server/src/modules/organization/organization.routes.ts": {"lines":{"total":11,"covered":11,"skipped":0,"pct":100},"functions":{"total":0,"covered":0,"skipped":0,"pct":100},"statements":{"total":11,"covered":11,"skipped":0,"pct":100},"branches":{"total":2,"covered":2,"skipped":0,"pct":100}}
,"/run/media/sourav/New Volume/Projects/Generic_CRM/server/src/modules/organization/organization.service.ts": {"lines":{"total":80,"covered":80,"skipped":0,"pct":100},"functions":{"total":2,"covered":2,"skipped":0,"pct":100},"statements":{"total":80,"covered":80,"skipped":0,"pct":100},"branches":{"total":28,"covered":28,"skipped":0,"pct":100}}
,"/run/media/sourav/New Volume/Projects/Generic_CRM/server/src/modules/organization/organization.validation.ts": {"lines":{"total":11,"covered":11,"skipped":0,"pct":100},"functions":{"total":0,"covered":0,"skipped":0,"pct":100},"statements":{"total":11,"covered":11,"skipped":0,"pct":100},"branches":{"total":0,"covered":0,"skipped":0,"pct":100}}
,"/run/media/sourav/New Volume/Projects/Generic_CRM/server/src/modules/pipelines/pipelines.controller.ts": {"lines":{"total":197,"covered":94,"skipped":0,"pct":47.71},"functions":{"total":10,"covered":7,"skipped":0,"pct":70},"statements":{"total":197,"covered":94,"skipped":0,"pct":47.71},"branches":{"total":22,"covered":10,"skipped":0,"pct":45.45}}
,"/run/media/sourav/New Volume/Projects/Generic_CRM/server/src/modules/pipelines/pipelines.routes.ts": {"lines":{"total":37,"covered":34,"skipped":0,"pct":91.89},"functions":{"total":0,"covered":0,"skipped":0,"pct":100},"statements":{"total":37,"covered":34,"skipped":0,"pct":91.89},"branches":{"total":7,"covered":7,"skipped":0,"pct":100}}
,"/run/media/sourav/New Volume/Projects/Generic_CRM/server/src/modules/pipelines/pipelines.service.ts": {"lines":{"total":511,"covered":371,"skipped":0,"pct":72.6},"functions":{"total":10,"covered":8,"skipped":0,"pct":80},"statements":{"total":511,"covered":371,"skipped":0,"pct":72.6},"branches":{"total":44,"covered":20,"skipped":0,"pct":45.45}}
,"/run/media/sourav/New Volume/Projects/Generic_CRM/server/src/modules/pipelines/pipelines.validation.ts": {"lines":{"total":35,"covered":35,"skipped":0,"pct":100},"functions":{"total":0,"covered":0,"skipped":0,"pct":100},"statements":{"total":35,"covered":35,"skipped":0,"pct":100},"branches":{"total":0,"covered":0,"skipped":0,"pct":100}}
,"/run/media/sourav/New Volume/Projects/Generic_CRM/server/src/modules/roles/roles.controller.ts": {"lines":{"total":120,"covered":120,"skipped":0,"pct":100},"functions":{"total":6,"covered":6,"skipped":0,"pct":100},"statements":{"total":120,"covered":120,"skipped":0,"pct":100},"branches":{"total":25,"covered":25,"skipped":0,"pct":100}}
,"/run/media/sourav/New Volume/Projects/Generic_CRM/server/src/modules/roles/roles.routes.ts": {"lines":{"total":14,"covered":14,"skipped":0,"pct":100},"functions":{"total":0,"covered":0,"skipped":0,"pct":100},"statements":{"total":14,"covered":14,"skipped":0,"pct":100},"branches":{"total":7,"covered":7,"skipped":0,"pct":100}}
,"/run/media/sourav/New Volume/Projects/Generic_CRM/server/src/modules/roles/roles.service.ts": {"lines":{"total":244,"covered":244,"skipped":0,"pct":100},"functions":{"total":6,"covered":6,"skipped":0,"pct":100},"statements":{"total":244,"covered":244,"skipped":0,"pct":100},"branches":{"total":41,"covered":41,"skipped":0,"pct":100}}
,"/run/media/sourav/New Volume/Projects/Generic_CRM/server/src/modules/roles/roles.validation.ts": {"lines":{"total":11,"covered":11,"skipped":0,"pct":100},"functions":{"total":0,"covered":0,"skipped":0,"pct":100},"statements":{"total":11,"covered":11,"skipped":0,"pct":100},"branches":{"total":0,"covered":0,"skipped":0,"pct":100}}
,"/run/media/sourav/New Volume/Projects/Generic_CRM/server/src/modules/users/users.controller.ts": {"lines":{"total":114,"covered":114,"skipped":0,"pct":100},"functions":{"total":5,"covered":5,"skipped":0,"pct":100},"statements":{"total":114,"covered":114,"skipped":0,"pct":100},"branches":{"total":24,"covered":24,"skipped":0,"pct":100}}
,"/run/media/sourav/New Volume/Projects/Generic_CRM/server/src/modules/users/users.routes.ts": {"lines":{"total":11,"covered":11,"skipped":0,"pct":100},"functions":{"total":0,"covered":0,"skipped":0,"pct":100},"statements":{"total":11,"covered":11,"skipped":0,"pct":100},"branches":{"total":6,"covered":6,"skipped":0,"pct":100}}
,"/run/media/sourav/New Volume/Projects/Generic_CRM/server/src/modules/users/users.service.ts": {"lines":{"total":261,"covered":261,"skipped":0,"pct":100},"functions":{"total":6,"covered":6,"skipped":0,"pct":100},"statements":{"total":261,"covered":261,"skipped":0,"pct":100},"branches":{"total":34,"covered":34,"skipped":0,"pct":100}}
,"/run/media/sourav/New Volume/Projects/Generic_CRM/server/src/modules/users/users.validation.ts": {"lines":{"total":24,"covered":24,"skipped":0,"pct":100},"functions":{"total":0,"covered":0,"skipped":0,"pct":100},"statements":{"total":24,"covered":24,"skipped":0,"pct":100},"branches":{"total":9,"covered":9,"skipped":0,"pct":100}}
,"/run/media/sourav/New Volume/Projects/Generic_CRM/server/src/routes/health.routes.ts": {"lines":{"total":15,"covered":15,"skipped":0,"pct":100},"functions":{"total":0,"covered":0,"skipped":0,"pct":100},"statements":{"total":15,"covered":15,"skipped":0,"pct":100},"branches":{"total":2,"covered":2,"skipped":0,"pct":100}}
,"/run/media/sourav/New Volume/Projects/Generic_CRM/server/src/utils/rbac.ts": {"lines":{"total":50,"covered":50,"skipped":0,"pct":100},"functions":{"total":2,"covered":2,"skipped":0,"pct":100},"statements":{"total":50,"covered":50,"skipped":0,"pct":100},"branches":{"total":23,"covered":23,"skipped":0,"pct":100}}
}
