{"total": {"lines":{"total":1727,"covered":1718,"skipped":0,"pct":99.47},"statements":{"total":1727,"covered":1718,"skipped":0,"pct":99.47},"functions":{"total":51,"covered":51,"skipped":0,"pct":100},"branches":{"total":323,"covered":287,"skipped":0,"pct":88.85},"branchesTrue":{"total":0,"covered":0,"skipped":0,"pct":100}}
,"/run/media/sourav/New Volume/Projects/Generic_CRM/server/src/app.ts": {"lines":{"total":38,"covered":38,"skipped":0,"pct":100},"functions":{"total":0,"covered":0,"skipped":0,"pct":100},"statements":{"total":38,"covered":38,"skipped":0,"pct":100},"branches":{"total":1,"covered":1,"skipped":0,"pct":100}}
,"/run/media/sourav/New Volume/Projects/Generic_CRM/server/src/config/env.ts": {"lines":{"total":25,"covered":25,"skipped":0,"pct":100},"functions":{"total":1,"covered":1,"skipped":0,"pct":100},"statements":{"total":25,"covered":25,"skipped":0,"pct":100},"branches":{"total":3,"covered":3,"skipped":0,"pct":100}}
,"/run/media/sourav/New Volume/Projects/Generic_CRM/server/src/middleware/auth.middleware.ts": {"lines":{"total":76,"covered":76,"skipped":0,"pct":100},"functions":{"total":3,"covered":3,"skipped":0,"pct":100},"statements":{"total":76,"covered":76,"skipped":0,"pct":100},"branches":{"total":25,"covered":25,"skipped":0,"pct":100}}
,"/run/media/sourav/New Volume/Projects/Generic_CRM/server/src/middleware/errorHandler.ts": {"lines":{"total":25,"covered":25,"skipped":0,"pct":100},"functions":{"total":1,"covered":1,"skipped":0,"pct":100},"statements":{"total":25,"covered":25,"skipped":0,"pct":100},"branches":{"total":9,"covered":9,"skipped":0,"pct":100}}
,"/run/media/sourav/New Volume/Projects/Generic_CRM/server/src/modules/auth/auth.controller.ts": {"lines":{"total":98,"covered":98,"skipped":0,"pct":100},"functions":{"total":4,"covered":4,"skipped":0,"pct":100},"statements":{"total":98,"covered":98,"skipped":0,"pct":100},"branches":{"total":19,"covered":19,"skipped":0,"pct":100}}
,"/run/media/sourav/New Volume/Projects/Generic_CRM/server/src/modules/auth/auth.routes.ts": {"lines":{"total":9,"covered":9,"skipped":0,"pct":100},"functions":{"total":0,"covered":0,"skipped":0,"pct":100},"statements":{"total":9,"covered":9,"skipped":0,"pct":100},"branches":{"total":4,"covered":4,"skipped":0,"pct":100}}
,"/run/media/sourav/New Volume/Projects/Generic_CRM/server/src/modules/auth/auth.service.ts": {"lines":{"total":194,"covered":194,"skipped":0,"pct":100},"functions":{"total":10,"covered":10,"skipped":0,"pct":100},"statements":{"total":194,"covered":194,"skipped":0,"pct":100},"branches":{"total":29,"covered":29,"skipped":0,"pct":100}}
,"/run/media/sourav/New Volume/Projects/Generic_CRM/server/src/modules/auth/auth.validation.ts": {"lines":{"total":39,"covered":39,"skipped":0,"pct":100},"functions":{"total":1,"covered":1,"skipped":0,"pct":100},"statements":{"total":39,"covered":39,"skipped":0,"pct":100},"branches":{"total":1,"covered":1,"skipped":0,"pct":100}}
,"/run/media/sourav/New Volume/Projects/Generic_CRM/server/src/modules/dashboard/dashboard.controller.ts": {"lines":{"total":26,"covered":26,"skipped":0,"pct":100},"functions":{"total":1,"covered":1,"skipped":0,"pct":100},"statements":{"total":26,"covered":26,"skipped":0,"pct":100},"branches":{"total":5,"covered":5,"skipped":0,"pct":100}}
,"/run/media/sourav/New Volume/Projects/Generic_CRM/server/src/modules/dashboard/dashboard.routes.ts": {"lines":{"total":7,"covered":7,"skipped":0,"pct":100},"functions":{"total":0,"covered":0,"skipped":0,"pct":100},"statements":{"total":7,"covered":7,"skipped":0,"pct":100},"branches":{"total":1,"covered":1,"skipped":0,"pct":100}}
,"/run/media/sourav/New Volume/Projects/Generic_CRM/server/src/modules/dashboard/dashboard.service.ts": {"lines":{"total":181,"covered":181,"skipped":0,"pct":100},"functions":{"total":1,"covered":1,"skipped":0,"pct":100},"statements":{"total":181,"covered":181,"skipped":0,"pct":100},"branches":{"total":24,"covered":12,"skipped":0,"pct":50}}
,"/run/media/sourav/New Volume/Projects/Generic_CRM/server/src/modules/organization/organization.controller.ts": {"lines":{"total":48,"covered":48,"skipped":0,"pct":100},"functions":{"total":2,"covered":2,"skipped":0,"pct":100},"statements":{"total":48,"covered":48,"skipped":0,"pct":100},"branches":{"total":10,"covered":10,"skipped":0,"pct":100}}
,"/run/media/sourav/New Volume/Projects/Generic_CRM/server/src/modules/organization/organization.routes.ts": {"lines":{"total":11,"covered":11,"skipped":0,"pct":100},"functions":{"total":0,"covered":0,"skipped":0,"pct":100},"statements":{"total":11,"covered":11,"skipped":0,"pct":100},"branches":{"total":2,"covered":2,"skipped":0,"pct":100}}
,"/run/media/sourav/New Volume/Projects/Generic_CRM/server/src/modules/organization/organization.service.ts": {"lines":{"total":80,"covered":80,"skipped":0,"pct":100},"functions":{"total":2,"covered":2,"skipped":0,"pct":100},"statements":{"total":80,"covered":80,"skipped":0,"pct":100},"branches":{"total":26,"covered":18,"skipped":0,"pct":69.23}}
,"/run/media/sourav/New Volume/Projects/Generic_CRM/server/src/modules/organization/organization.validation.ts": {"lines":{"total":11,"covered":11,"skipped":0,"pct":100},"functions":{"total":0,"covered":0,"skipped":0,"pct":100},"statements":{"total":11,"covered":11,"skipped":0,"pct":100},"branches":{"total":0,"covered":0,"skipped":0,"pct":100}}
,"/run/media/sourav/New Volume/Projects/Generic_CRM/server/src/modules/roles/roles.controller.ts": {"lines":{"total":120,"covered":118,"skipped":0,"pct":98.33},"functions":{"total":6,"covered":6,"skipped":0,"pct":100},"statements":{"total":120,"covered":118,"skipped":0,"pct":98.33},"branches":{"total":22,"covered":21,"skipped":0,"pct":95.45}}
,"/run/media/sourav/New Volume/Projects/Generic_CRM/server/src/modules/roles/roles.routes.ts": {"lines":{"total":14,"covered":14,"skipped":0,"pct":100},"functions":{"total":0,"covered":0,"skipped":0,"pct":100},"statements":{"total":14,"covered":14,"skipped":0,"pct":100},"branches":{"total":7,"covered":7,"skipped":0,"pct":100}}
,"/run/media/sourav/New Volume/Projects/Generic_CRM/server/src/modules/roles/roles.service.ts": {"lines":{"total":241,"covered":236,"skipped":0,"pct":97.92},"functions":{"total":6,"covered":6,"skipped":0,"pct":100},"statements":{"total":241,"covered":236,"skipped":0,"pct":97.92},"branches":{"total":36,"covered":29,"skipped":0,"pct":80.55}}
,"/run/media/sourav/New Volume/Projects/Generic_CRM/server/src/modules/roles/roles.validation.ts": {"lines":{"total":11,"covered":11,"skipped":0,"pct":100},"functions":{"total":0,"covered":0,"skipped":0,"pct":100},"statements":{"total":11,"covered":11,"skipped":0,"pct":100},"branches":{"total":0,"covered":0,"skipped":0,"pct":100}}
,"/run/media/sourav/New Volume/Projects/Generic_CRM/server/src/modules/users/users.controller.ts": {"lines":{"total":114,"covered":112,"skipped":0,"pct":98.24},"functions":{"total":5,"covered":5,"skipped":0,"pct":100},"statements":{"total":114,"covered":112,"skipped":0,"pct":98.24},"branches":{"total":23,"covered":22,"skipped":0,"pct":95.65}}
,"/run/media/sourav/New Volume/Projects/Generic_CRM/server/src/modules/users/users.routes.ts": {"lines":{"total":11,"covered":11,"skipped":0,"pct":100},"functions":{"total":0,"covered":0,"skipped":0,"pct":100},"statements":{"total":11,"covered":11,"skipped":0,"pct":100},"branches":{"total":6,"covered":6,"skipped":0,"pct":100}}
,"/run/media/sourav/New Volume/Projects/Generic_CRM/server/src/modules/users/users.service.ts": {"lines":{"total":259,"covered":259,"skipped":0,"pct":100},"functions":{"total":6,"covered":6,"skipped":0,"pct":100},"statements":{"total":259,"covered":259,"skipped":0,"pct":100},"branches":{"total":36,"covered":29,"skipped":0,"pct":80.55}}
,"/run/media/sourav/New Volume/Projects/Generic_CRM/server/src/modules/users/users.validation.ts": {"lines":{"total":24,"covered":24,"skipped":0,"pct":100},"functions":{"total":0,"covered":0,"skipped":0,"pct":100},"statements":{"total":24,"covered":24,"skipped":0,"pct":100},"branches":{"total":9,"covered":9,"skipped":0,"pct":100}}
,"/run/media/sourav/New Volume/Projects/Generic_CRM/server/src/routes/health.routes.ts": {"lines":{"total":15,"covered":15,"skipped":0,"pct":100},"functions":{"total":0,"covered":0,"skipped":0,"pct":100},"statements":{"total":15,"covered":15,"skipped":0,"pct":100},"branches":{"total":2,"covered":2,"skipped":0,"pct":100}}
,"/run/media/sourav/New Volume/Projects/Generic_CRM/server/src/utils/rbac.ts": {"lines":{"total":50,"covered":50,"skipped":0,"pct":100},"functions":{"total":2,"covered":2,"skipped":0,"pct":100},"statements":{"total":50,"covered":50,"skipped":0,"pct":100},"branches":{"total":23,"covered":23,"skipped":0,"pct":100}}
}
